<?xml version="1.0" encoding="UTF-8"?>
<testng-results ignored="0" total="1" passed="1" failed="0" skipped="0">
  <reporter-output>
  </reporter-output>
  <suite started-at="2025-10-17T16:25:03 IST" name="Default suite" finished-at="2025-10-17T16:25:25 IST" duration-ms="21422">
    <groups>
    </groups>
    <test started-at="2025-10-17T16:25:03 IST" name="Default test" finished-at="2025-10-17T16:25:25 IST" duration-ms="21422">
      <class name="cloudapi.abhi">
        <test-method is-config="true" signature="setUp()[pri:0, instance:cloudapi.abhi@2e005c4b]" started-at="2025-10-17T16:25:03 IST" name="setUp" finished-at="2025-10-17T16:25:19 IST" duration-ms="15790" status="PASS">
          <reporter-output>
          </reporter-output>
        </test-method> <!-- setUp -->
        <test-method signature="openOrangeHRM()[pri:0, instance:cloudapi.abhi@2e005c4b]" started-at="2025-10-17T16:25:19 IST" name="openOrangeHRM" finished-at="2025-10-17T16:25:23 IST" duration-ms="3538" status="PASS">
          <reporter-output>
          </reporter-output>
        </test-method> <!-- openOrangeHRM -->
        <test-method is-config="true" signature="tearDown()[pri:0, instance:cloudapi.abhi@2e005c4b]" started-at="2025-10-17T16:25:23 IST" name="tearDown" finished-at="2025-10-17T16:25:25 IST" duration-ms="1886" status="PASS">
          <reporter-output>
          </reporter-output>
        </test-method> <!-- tearDown -->
      </class> <!-- cloudapi.abhi -->
    </test> <!-- Default test -->
  </suite> <!-- Default suite -->
</testng-results>
